<?xml version="1.0" encoding="UTF-8"?>
<!-- Generated by org.testng.reporters.JUnitReportReporter -->
<testsuite hostname="MALAPATPF13FYMX" failures="0" tests="1" name="com.crm.qa.tests.ContactPageTests" time="0.000" errors="0" timestamp="08 Jul 2020 15:18:54 GMT" skipped="1">
  <testcase classname="com.crm.qa.tests.ContactPageTests" name="CreateNewContact" time="0.000">
    <skipped/>
  </testcase> <!-- CreateNewContact -->
</testsuite> <!-- com.crm.qa.tests.ContactPageTests -->
