<?xml version="1.0" encoding="UTF-8"?>
<!-- Generated by org.testng.reporters.JUnitReportReporter -->
<testsuite hostname="MALAPATPF13FYMX" failures="0" tests="1" name="com.crm.qa.tests.LoginPageTest" time="31.025" errors="0" timestamp="07 Jul 2020 18:49:05 GMT" skipped="0">
  <testcase classname="com.crm.qa.tests.LoginPageTest" name="LoginTest" time="31.025"/>
</testsuite> <!-- com.crm.qa.tests.LoginPageTest -->
