<?xml version="1.0" encoding="UTF-8"?>
<!-- Generated by org.testng.reporters.JUnitReportReporter -->
<testsuite hostname="MALAPATPF13FYMX" failures="0" tests="3" name="com.crm.qa.tests.HomePageTests" time="96.073" errors="0" timestamp="07 Jul 2020 18:49:05 GMT" skipped="0">
  <testcase classname="com.crm.qa.tests.HomePageTests" name="verifyAccountType" time="31.879"/>
  <testcase classname="com.crm.qa.tests.HomePageTests" name="verifyHomePageTitle" time="31.991"/>
  <testcase classname="com.crm.qa.tests.HomePageTests" name="GotoContactspage" time="32.203"/>
</testsuite> <!-- com.crm.qa.tests.HomePageTests -->
