<?xml version="1.0" encoding="UTF-8"?>
<!-- Generated by org.testng.reporters.JUnitReportReporter -->
<testsuite hostname="MALAPATPF13FYMX" failures="0" tests="1" name="com.crm.qa.tests.ContactPageTests" time="32.331" errors="0" timestamp="07 Jul 2020 18:49:05 GMT" skipped="0">
  <testcase classname="com.crm.qa.tests.ContactPageTests" name="verifyContacLabel" time="32.331"/>
</testsuite> <!-- com.crm.qa.tests.ContactPageTests -->
